<?xml version="1.0" encoding="UTF-8"?>
<testsuite xmlns:xsi="http://www.w3.org/2001/XMLSchema-instance" xsi:noNamespaceSchemaLocation="https://maven.apache.org/surefire/maven-surefire-plugin/xsd/surefire-test-report.xsd" name="StepDefinitions.TestRunner" time="55.936" tests="2" errors="0" skipped="0" failures="0">
  <properties>
[...]
</properties>
  <testcase name="Cliente se debe logear exitosamente" classname="Login con usuario y contraseña" time="27.215"/>
  <testcase name="Cliente debe registrarse exitosamente" classname="Registrar usuario con correo y contraseña" time="28.347"/>
</testsuite>